\BOOKMARK [0][-]{dummy.1}{\376\377\000A\000b\000s\000t\000r\000a\000c\000t}{}
\BOOKMARK [1][-]{section*.1}{\376\377\000V\000e\000r\000s\000i\000o\000n\000\040\000f\000r\000a\000n\000\347\000a\000i\000s\000e}{dummy.1}
\BOOKMARK [0][-]{dummy.2}{\376\377\000A\000c\000k\000n\000o\000w\000l\000e\000d\000g\000e\000m\000e\000n\000t\000s}{}
\BOOKMARK [0][-]{dummy.3}{\376\377\000C\000o\000n\000t\000e\000n\000t\000s}{}
\BOOKMARK [0][-]{dummy.4}{\376\377\000L\000i\000s\000t\000\040\000o\000f\000\040\000F\000i\000g\000u\000r\000e\000s}{}
\BOOKMARK [0][-]{dummy.5}{\376\377\000L\000i\000s\000t\000\040\000o\000f\000\040\000T\000a\000b\000l\000e\000s}{}
\BOOKMARK [0][-]{chapter.1}{\376\377\0001\000\040\000I\000n\000t\000r\000o\000d\000u\000c\000t\000i\000o\000n}{}
\BOOKMARK [1][-]{section.1.1}{\376\377\0001\000.\0001\000\040\000C\000o\000n\000t\000r\000i\000b\000u\000t\000i\000o\000n\000s}{chapter.1}
\BOOKMARK [1][-]{section.1.2}{\376\377\0001\000.\0002\000\040\000T\000e\000r\000m\000i\000n\000o\000l\000o\000g\000y}{chapter.1}
\BOOKMARK [1][-]{section.1.3}{\376\377\0001\000.\0003\000\040\000S\000y\000s\000t\000e\000m\000\040\000o\000v\000e\000r\000v\000i\000e\000w}{chapter.1}
\BOOKMARK [1][-]{section.1.4}{\376\377\0001\000.\0004\000\040\000O\000r\000g\000a\000n\000i\000z\000a\000t\000i\000o\000n\000\040\000o\000f\000\040\000t\000h\000e\000\040\000T\000h\000e\000s\000i\000s}{chapter.1}
\BOOKMARK [1][-]{section.1.5}{\376\377\0001\000.\0005\000\040\000P\000u\000b\000l\000i\000s\000h\000e\000d\000\040\000W\000o\000r\000k\000s}{chapter.1}
\BOOKMARK [0][-]{chapter.2}{\376\377\0002\000\040\000S\000i\000t\000u\000a\000t\000i\000o\000n\000\040\000A\000s\000s\000e\000s\000s\000m\000e\000n\000t}{}
\BOOKMARK [1][-]{section.2.1}{\376\377\0002\000.\0001\000\040\000I\000n\000t\000r\000o\000d\000u\000c\000t\000i\000o\000n}{chapter.2}
\BOOKMARK [2][-]{subsection.2.1.1}{\376\377\0002\000.\0001\000.\0001\000\040\000S\000i\000t\000u\000a\000t\000i\000o\000n\000\040\000A\000s\000s\000e\000s\000s\000m\000e\000n\000t}{section.2.1}
\BOOKMARK [2][-]{subsection.2.1.2}{\376\377\0002\000.\0001\000.\0002\000\040\000T\000h\000e\000o\000r\000y\000\040\000o\000f\000\040\000M\000i\000n\000d}{section.2.1}
\BOOKMARK [2][-]{subsection.2.1.3}{\376\377\0002\000.\0001\000.\0003\000\040\000A\000c\000t\000i\000v\000i\000t\000y\000\040\000R\000e\000c\000o\000g\000n\000i\000t\000i\000o\000n}{section.2.1}
\BOOKMARK [1][-]{section.2.2}{\376\377\0002\000.\0002\000\040\000D\000e\000f\000i\000n\000i\000t\000i\000o\000n\000s}{chapter.2}
\BOOKMARK [1][-]{section.2.3}{\376\377\0002\000.\0003\000\040\000S\000i\000t\000u\000a\000t\000i\000o\000n\000\040\000A\000s\000s\000e\000s\000s\000m\000e\000n\000t}{chapter.2}
\BOOKMARK [2][-]{subsection.2.3.1}{\376\377\0002\000.\0003\000.\0001\000\040\000E\000n\000t\000i\000t\000y\000\040\000R\000e\000c\000o\000g\000n\000i\000t\000i\000o\000n}{section.2.3}
\BOOKMARK [1][-]{section.2.4}{\376\377\0002\000.\0004\000\040\000B\000e\000l\000i\000e\000f\000\040\000M\000a\000n\000a\000g\000e\000m\000e\000n\000t}{chapter.2}
\BOOKMARK [1][-]{section.2.5}{\376\377\0002\000.\0005\000\040\000A\000c\000t\000i\000o\000n\000\040\000a\000n\000d\000\040\000I\000n\000t\000e\000n\000t\000i\000o\000n\000\040\000I\000n\000f\000e\000r\000e\000n\000c\000e}{chapter.2}
\BOOKMARK [2][-]{subsection.2.5.1}{\376\377\0002\000.\0005\000.\0001\000\040\000I\000n\000t\000e\000n\000t\000i\000o\000n\000\040\000G\000r\000a\000p\000h}{section.2.5}
\BOOKMARK [2][-]{subsection.2.5.2}{\376\377\0002\000.\0005\000.\0002\000\040\000C\000o\000n\000t\000e\000x\000t\000\040\000t\000o\000\040\000I\000n\000t\000e\000n\000t\000i\000o\000n\000s}{section.2.5}
\BOOKMARK [2][-]{subsection.2.5.3}{\376\377\0002\000.\0005\000.\0003\000\040\000I\000n\000t\000e\000n\000t\000i\000o\000n\000s\000\040\000t\000o\000\040\000A\000c\000t\000i\000o\000n\000s}{section.2.5}
\BOOKMARK [2][-]{subsection.2.5.4}{\376\377\0002\000.\0005\000.\0004\000\040\000A\000c\000t\000i\000o\000n\000s\000\040\000t\000o\000\040\000O\000b\000s\000e\000r\000v\000a\000t\000i\000o\000n\000s}{section.2.5}
\BOOKMARK [2][-]{subsection.2.5.5}{\376\377\0002\000.\0005\000.\0005\000\040\000I\000n\000f\000e\000r\000e\000n\000c\000e\000\040\000P\000r\000o\000c\000e\000s\000s}{section.2.5}
\BOOKMARK [1][-]{section.2.6}{\376\377\0002\000.\0006\000\040\000E\000x\000p\000e\000r\000i\000m\000e\000n\000t\000s}{chapter.2}
\BOOKMARK [2][-]{subsection.2.6.1}{\376\377\0002\000.\0006\000.\0001\000\040\000C\000a\000s\000e\000\040\000S\000t\000u\000d\000y}{section.2.6}
\BOOKMARK [2][-]{subsection.2.6.2}{\376\377\0002\000.\0006\000.\0002\000\040\000R\000o\000b\000o\000t\000\040\000I\000m\000p\000l\000e\000m\000e\000n\000t\000a\000t\000i\000o\000n}{section.2.6}
\BOOKMARK [2][-]{subsection.2.6.3}{\376\377\0002\000.\0006\000.\0003\000\040\000D\000i\000s\000c\000u\000s\000s\000i\000o\000n}{section.2.6}
